<?xml version="1.0" encoding="UTF-8"?>
<testng-results ignored="0" total="2" passed="2" failed="0" skipped="0">
  <reporter-output>
  </reporter-output>
  <suite started-at="2024-09-06T01:48:47 EEST" name="Default suite" finished-at="2024-09-06T01:48:50 EEST" duration-ms="3277">
    <groups>
    </groups>
    <test started-at="2024-09-06T01:48:47 EEST" name="Default test" finished-at="2024-09-06T01:48:50 EEST" duration-ms="3277">
      <class name="rest_assured.UserCreationExample">
        <test-method signature="createUserTest(java.lang.String,java.lang.String)[pri:0, instance:rest_assured.UserCreationExample@21337f7b]" started-at="2024-09-06T01:48:47 EEST" name="createUserTest" data-provider="userData" finished-at="2024-09-06T01:48:49 EEST" duration-ms="2619" status="PASS">
          <params>
            <param index="0">
              <value>
                <![CDATA[Kareem Mohamed]]>
              </value>
            </param>
            <param index="1">
              <value>
                <![CDATA[Software Engineer]]>
              </value>
            </param>
          </params>
          <reporter-output>
          </reporter-output>
        </test-method> <!-- createUserTest -->
        <test-method signature="createUserTest(java.lang.String,java.lang.String)[pri:0, instance:rest_assured.UserCreationExample@21337f7b]" started-at="2024-09-06T01:48:49 EEST" name="createUserTest" data-provider="userData" finished-at="2024-09-06T01:48:50 EEST" duration-ms="473" status="PASS">
          <params>
            <param index="0">
              <value>
                <![CDATA[Mohamed Ahmed]]>
              </value>
            </param>
            <param index="1">
              <value>
                <![CDATA[UX Designer]]>
              </value>
            </param>
          </params>
          <reporter-output>
          </reporter-output>
        </test-method> <!-- createUserTest -->
      </class> <!-- rest_assured.UserCreationExample -->
    </test> <!-- Default test -->
  </suite> <!-- Default suite -->
</testng-results>
